<?xml version="1.0" encoding="UTF-8"?>
<!-- Generated by org.testng.reporters.JUnitXMLReporter -->
<testsuite ignored="0" hostname="DESKTOP-MA38CFS" failures="1" tests="8" name="ChromeTest" time="211.917" errors="0" timestamp="2022-09-14T23:32:58 IST">
  <testcase classname="com.SauceDemo.TestClasses.TestBaseClass" name="@AfterMethod logout" time="30.233">
    <failure type="org.openqa.selenium.NoSuchElementException" message="no such element: Unable to locate element: {&amp;quot;method&amp;quot;:&amp;quot;xpath&amp;quot;,&amp;quot;selector&amp;quot;:&amp;quot;//select[@class=&amp;apos;product_sort_container&amp;apos;]&amp;quot;}
  (Session info: chrome=105.0.5195.125)
For documentation on this error, please visit: https://www.seleniumhq.org/exceptions/no_such_element.html
Build info: version: &amp;apos;3.141.59&amp;apos;, revision: &amp;apos;e82be7d358&amp;apos;, time: &amp;apos;2018-11-14T08:17:03&amp;apos;
System info: host: &amp;apos;DESKTOP-MA38CFS&amp;apos;, ip: &amp;apos;192.168.43.122&amp;apos;, os.name: &amp;apos;Windows 10&amp;apos;, os.arch: &amp;apos;amd64&amp;apos;, os.version: &amp;apos;10.0&amp;apos;, java.version: &amp;apos;17.0.4.1&amp;apos;
Driver info: org.openqa.selenium.chrome.ChromeDriver
Capabilities {acceptInsecureCerts: false, browserName: chrome, browserVersion: 105.0.5195.125, chrome: {chromedriverVersion: 105.0.5195.52 (412c95e51883..., userDataDir: C:\Users\Sachin\AppData\Loc...}, goog:chromeOptions: {debuggerAddress: localhost:64429}, javascriptEnabled: true, networkConnectionEnabled: false, pageLoadStrategy: normal, platform: WINDOWS, platformName: WINDOWS, proxy: Proxy(), setWindowRect: true, strictFileInteractability: false, timeouts: {implicit: 0, pageLoad: 300000, script: 30000}, unhandledPromptBehavior: dismiss and notify, webauthn:extension:credBlob: true, webauthn:extension:largeBlob: true, webauthn:virtualAuthenticators: true}
Session ID: 0ebb6cd04e98f749b5e9a661190006d1
*** Element info: {Using=xpath, value=//select[@class=&amp;apos;product_sort_container&amp;apos;]}">
      <![CDATA[org.openqa.selenium.NoSuchElementException: no such element: Unable to locate element: {"method":"xpath","selector":"//select[@class='product_sort_container']"}
  (Session info: chrome=105.0.5195.125)
For documentation on this error, please visit: https://www.seleniumhq.org/exceptions/no_such_element.html
Build info: version: '3.141.59', revision: 'e82be7d358', time: '2018-11-14T08:17:03'
System info: host: 'DESKTOP-MA38CFS', ip: '192.168.43.122', os.name: 'Windows 10', os.arch: 'amd64', os.version: '10.0', java.version: '17.0.4.1'
Driver info: org.openqa.selenium.chrome.ChromeDriver
Capabilities {acceptInsecureCerts: false, browserName: chrome, browserVersion: 105.0.5195.125, chrome: {chromedriverVersion: 105.0.5195.52 (412c95e51883..., userDataDir: C:\Users\Sachin\AppData\Loc...}, goog:chromeOptions: {debuggerAddress: localhost:64429}, javascriptEnabled: true, networkConnectionEnabled: false, pageLoadStrategy: normal, platform: WINDOWS, platformName: WINDOWS, proxy: Proxy(), setWindowRect: true, strictFileInteractability: false, timeouts: {implicit: 0, pageLoad: 300000, script: 30000}, unhandledPromptBehavior: dismiss and notify, webauthn:extension:credBlob: true, webauthn:extension:largeBlob: true, webauthn:virtualAuthenticators: true}
Session ID: 0ebb6cd04e98f749b5e9a661190006d1
*** Element info: {Using=xpath, value=//select[@class='product_sort_container']}
at org.openqa.selenium.remote.http.W3CHttpResponseCodec.createException(W3CHttpResponseCodec.java:187)
at org.openqa.selenium.remote.http.W3CHttpResponseCodec.decode(W3CHttpResponseCodec.java:122)
at org.openqa.selenium.remote.http.W3CHttpResponseCodec.decode(W3CHttpResponseCodec.java:49)
at org.openqa.selenium.remote.HttpCommandExecutor.execute(HttpCommandExecutor.java:158)
at org.openqa.selenium.remote.service.DriverCommandExecutor.execute(DriverCommandExecutor.java:83)
at org.openqa.selenium.remote.RemoteWebDriver.execute(RemoteWebDriver.java:552)
at org.openqa.selenium.remote.RemoteWebDriver.findElement(RemoteWebDriver.java:323)
at org.openqa.selenium.remote.RemoteWebDriver.findElementByXPath(RemoteWebDriver.java:428)
at org.openqa.selenium.By$ByXPath.findElement(By.java:353)
at org.openqa.selenium.remote.RemoteWebDriver.findElement(RemoteWebDriver.java:315)
at org.openqa.selenium.support.pagefactory.DefaultElementLocator.findElement(DefaultElementLocator.java:69)
at org.openqa.selenium.support.pagefactory.internal.LocatingElementHandler.invoke(LocatingElementHandler.java:38)
at jdk.proxy2/jdk.proxy2.$Proxy16.getTagName(Unknown Source)
at org.openqa.selenium.support.ui.Select.<init>(Select.java:45)
at com.SauceDemo.POMClasses.HomePagePOMClass.<init>(HomePagePOMClass.java:100)
at com.SauceDemo.TestClasses.TestBaseClass.logout(TestBaseClass.java:90)
at java.base/java.util.ArrayList.forEach(ArrayList.java:1511)
... Removed 37 stack frames]]>
    </failure>
  </testcase> <!-- @AfterMethod logout -->
  <testcase classname="com.SauceDemo.TestClasses.TestBaseClass" name="@AfterClass browserClose" time="-1.663178418384E9">
    <skipped/>
  </testcase> <!-- @AfterClass browserClose -->
  <testcase classname="com.SauceDemo.TestClasses.TC001_VerifyLoginFunctionality" name="loginFunctionality" time="0.378"/>
  <testcase classname="com.SauceDemo.TestClasses.TC002_VerifyLogoutFunctionality" name="logoutFunctionality" time="4.75"/>
  <testcase classname="com.SauceDemo.TestClasses.TC003_VerifySingleBagProductAddToCartFunctionality" name="singleBagProductAddToCartFunctionality" time="2.816"/>
  <testcase classname="com.SauceDemo.TestClasses.TC004_VerifyMultipleAddToCartFunctionality" name="multipleAddToCartFunctionality" time="1.243">
    <failure type="java.lang.AssertionError" message="Count is not matching expected [3] but found [6]">
      <![CDATA[java.lang.AssertionError: Count is not matching expected [3] but found [6]
at com.SauceDemo.TestClasses.TC004_VerifyMultipleAddToCartFunctionality.multipleAddToCartFunctionality(TC004_VerifyMultipleAddToCartFunctionality.java:34)
at java.base/java.util.ArrayList.forEach(ArrayList.java:1511)
... Removed 32 stack frames]]>
    </failure>
  </testcase> <!-- multipleAddToCartFunctionality -->
  <testcase classname="com.SauceDemo.TestClasses.TC005_VerifyFilterDropdownFunctionality" name="FilterDropdownFunctionality" time="0.981"/>
  <testcase classname="com.SauceDemo.TestClasses.TC006_VerifyCheckoutFunctionality" name="checkoutFunctionality" time="3.428"/>
  <testcase classname="com.SauceDemo.TestClasses.TC007_VerifyProductBuyingFunctionality" name="buyingFunctionality" time="3.791"/>
  <testcase classname="com.SauceDemo.TestClasses.TC008_VerifyAboutFunctionality" name="aboutFunctionality" time="22.959"/>
</testsuite> <!-- ChromeTest -->
