<?xml version="1.0" encoding="UTF-8"?>
<testng-results ignored="0" total="8" passed="7" failed="1" skipped="0">
  <reporter-output>
  </reporter-output>
  <suite started-at="2022-09-14T23:29:26 IST" name="Suite" finished-at="2022-09-14T23:32:57 IST" duration-ms="211917">
    <groups>
    </groups>
    <test started-at="2022-09-14T23:29:26 IST" name="ChromeTest" finished-at="2022-09-14T23:32:57 IST" duration-ms="211917">
      <class name="com.SauceDemo.TestClasses.TC007_VerifyProductBuyingFunctionality">
        <test-method is-config="true" signature="browserLaunch(java.lang.String)[pri:0, instance:com.SauceDemo.TestClasses.TC007_VerifyProductBuyingFunctionality@306e95ec]" started-at="2022-09-14T23:32:02 IST" name="browserLaunch" finished-at="2022-09-14T23:32:10 IST" duration-ms="8047" status="PASS">
          <params>
            <param index="0">
              <value>
                <![CDATA[chrome]]>
              </value>
            </param>
          </params>
          <reporter-output>
          </reporter-output>
        </test-method> <!-- browserLaunch -->
        <test-method is-config="true" signature="login()[pri:0, instance:com.SauceDemo.TestClasses.TC007_VerifyProductBuyingFunctionality@306e95ec]" started-at="2022-09-14T23:32:10 IST" name="login" finished-at="2022-09-14T23:32:11 IST" duration-ms="726" status="PASS">
          <reporter-output>
          </reporter-output>
        </test-method> <!-- login -->
        <test-method signature="buyingFunctionality()[pri:0, instance:com.SauceDemo.TestClasses.TC007_VerifyProductBuyingFunctionality@306e95ec]" started-at="2022-09-14T23:32:11 IST" name="buyingFunctionality" finished-at="2022-09-14T23:32:14 IST" duration-ms="3791" status="PASS">
          <reporter-output>
          </reporter-output>
        </test-method> <!-- buyingFunctionality -->
        <test-method is-config="true" signature="logout()[pri:0, instance:com.SauceDemo.TestClasses.TC007_VerifyProductBuyingFunctionality@306e95ec]" started-at="2022-09-14T23:32:14 IST" name="logout" finished-at="2022-09-14T23:32:19 IST" duration-ms="4699" status="PASS">
          <reporter-output>
          </reporter-output>
        </test-method> <!-- logout -->
        <test-method is-config="true" signature="browserClose()[pri:0, instance:com.SauceDemo.TestClasses.TC007_VerifyProductBuyingFunctionality@306e95ec]" started-at="2022-09-14T23:32:19 IST" name="browserClose" finished-at="2022-09-14T23:32:21 IST" duration-ms="2206" status="PASS">
          <reporter-output>
          </reporter-output>
        </test-method> <!-- browserClose -->
      </class> <!-- com.SauceDemo.TestClasses.TC007_VerifyProductBuyingFunctionality -->
      <class name="com.SauceDemo.TestClasses.TC006_VerifyCheckoutFunctionality">
        <test-method is-config="true" signature="browserLaunch(java.lang.String)[pri:0, instance:com.SauceDemo.TestClasses.TC006_VerifyCheckoutFunctionality@741a8937]" started-at="2022-09-14T23:31:44 IST" name="browserLaunch" finished-at="2022-09-14T23:31:52 IST" duration-ms="7495" status="PASS">
          <params>
            <param index="0">
              <value>
                <![CDATA[chrome]]>
              </value>
            </param>
          </params>
          <reporter-output>
          </reporter-output>
        </test-method> <!-- browserLaunch -->
        <test-method is-config="true" signature="login()[pri:0, instance:com.SauceDemo.TestClasses.TC006_VerifyCheckoutFunctionality@741a8937]" started-at="2022-09-14T23:31:52 IST" name="login" finished-at="2022-09-14T23:31:53 IST" duration-ms="993" status="PASS">
          <reporter-output>
          </reporter-output>
        </test-method> <!-- login -->
        <test-method signature="checkoutFunctionality()[pri:0, instance:com.SauceDemo.TestClasses.TC006_VerifyCheckoutFunctionality@741a8937]" started-at="2022-09-14T23:31:53 IST" name="checkoutFunctionality" finished-at="2022-09-14T23:31:56 IST" duration-ms="3428" status="PASS">
          <reporter-output>
          </reporter-output>
        </test-method> <!-- checkoutFunctionality -->
        <test-method is-config="true" signature="logout()[pri:0, instance:com.SauceDemo.TestClasses.TC006_VerifyCheckoutFunctionality@741a8937]" started-at="2022-09-14T23:31:56 IST" name="logout" finished-at="2022-09-14T23:32:01 IST" duration-ms="4918" status="PASS">
          <reporter-output>
          </reporter-output>
        </test-method> <!-- logout -->
        <test-method is-config="true" signature="browserClose()[pri:0, instance:com.SauceDemo.TestClasses.TC006_VerifyCheckoutFunctionality@741a8937]" started-at="2022-09-14T23:32:01 IST" name="browserClose" finished-at="2022-09-14T23:32:02 IST" duration-ms="735" status="PASS">
          <reporter-output>
          </reporter-output>
        </test-method> <!-- browserClose -->
      </class> <!-- com.SauceDemo.TestClasses.TC006_VerifyCheckoutFunctionality -->
      <class name="com.SauceDemo.TestClasses.TC005_VerifyFilterDropdownFunctionality">
        <test-method is-config="true" signature="browserLaunch(java.lang.String)[pri:0, instance:com.SauceDemo.TestClasses.TC005_VerifyFilterDropdownFunctionality@74751b3]" started-at="2022-09-14T23:31:28 IST" name="browserLaunch" finished-at="2022-09-14T23:31:35 IST" duration-ms="6242" status="PASS">
          <params>
            <param index="0">
              <value>
                <![CDATA[chrome]]>
              </value>
            </param>
          </params>
          <reporter-output>
          </reporter-output>
        </test-method> <!-- browserLaunch -->
        <test-method is-config="true" signature="login()[pri:0, instance:com.SauceDemo.TestClasses.TC005_VerifyFilterDropdownFunctionality@74751b3]" started-at="2022-09-14T23:31:35 IST" name="login" finished-at="2022-09-14T23:31:35 IST" duration-ms="779" status="PASS">
          <reporter-output>
          </reporter-output>
        </test-method> <!-- login -->
        <test-method signature="FilterDropdownFunctionality()[pri:0, instance:com.SauceDemo.TestClasses.TC005_VerifyFilterDropdownFunctionality@74751b3]" started-at="2022-09-14T23:31:35 IST" name="FilterDropdownFunctionality" finished-at="2022-09-14T23:31:36 IST" duration-ms="981" status="PASS">
          <reporter-output>
          </reporter-output>
        </test-method> <!-- FilterDropdownFunctionality -->
        <test-method is-config="true" signature="logout()[pri:0, instance:com.SauceDemo.TestClasses.TC005_VerifyFilterDropdownFunctionality@74751b3]" started-at="2022-09-14T23:31:36 IST" name="logout" finished-at="2022-09-14T23:31:41 IST" duration-ms="4795" status="PASS">
          <reporter-output>
          </reporter-output>
        </test-method> <!-- logout -->
        <test-method is-config="true" signature="browserClose()[pri:0, instance:com.SauceDemo.TestClasses.TC005_VerifyFilterDropdownFunctionality@74751b3]" started-at="2022-09-14T23:31:41 IST" name="browserClose" finished-at="2022-09-14T23:31:44 IST" duration-ms="3051" status="PASS">
          <reporter-output>
          </reporter-output>
        </test-method> <!-- browserClose -->
      </class> <!-- com.SauceDemo.TestClasses.TC005_VerifyFilterDropdownFunctionality -->
      <class name="com.SauceDemo.TestClasses.TC001_VerifyLoginFunctionality">
        <test-method is-config="true" signature="browserLaunch(java.lang.String)[pri:0, instance:com.SauceDemo.TestClasses.TC001_VerifyLoginFunctionality@58695725]" started-at="2022-09-14T23:29:26 IST" name="browserLaunch" finished-at="2022-09-14T23:29:31 IST" duration-ms="5760" status="PASS">
          <params>
            <param index="0">
              <value>
                <![CDATA[chrome]]>
              </value>
            </param>
          </params>
          <reporter-output>
          </reporter-output>
        </test-method> <!-- browserLaunch -->
        <test-method is-config="true" signature="login()[pri:0, instance:com.SauceDemo.TestClasses.TC001_VerifyLoginFunctionality@58695725]" started-at="2022-09-14T23:29:31 IST" name="login" finished-at="2022-09-14T23:29:32 IST" duration-ms="967" status="PASS">
          <reporter-output>
          </reporter-output>
        </test-method> <!-- login -->
        <test-method signature="loginFunctionality()[pri:0, instance:com.SauceDemo.TestClasses.TC001_VerifyLoginFunctionality@58695725]" started-at="2022-09-14T23:29:32 IST" name="loginFunctionality" finished-at="2022-09-14T23:29:33 IST" duration-ms="378" status="PASS">
          <reporter-output>
          </reporter-output>
        </test-method> <!-- loginFunctionality -->
        <test-method is-config="true" signature="logout()[pri:0, instance:com.SauceDemo.TestClasses.TC001_VerifyLoginFunctionality@58695725]" started-at="2022-09-14T23:29:33 IST" name="logout" finished-at="2022-09-14T23:29:37 IST" duration-ms="4540" status="PASS">
          <reporter-output>
          </reporter-output>
        </test-method> <!-- logout -->
        <test-method is-config="true" signature="browserClose()[pri:0, instance:com.SauceDemo.TestClasses.TC001_VerifyLoginFunctionality@58695725]" started-at="2022-09-14T23:29:37 IST" name="browserClose" finished-at="2022-09-14T23:29:38 IST" duration-ms="466" status="PASS">
          <reporter-output>
          </reporter-output>
        </test-method> <!-- browserClose -->
      </class> <!-- com.SauceDemo.TestClasses.TC001_VerifyLoginFunctionality -->
      <class name="com.SauceDemo.TestClasses.TC003_VerifySingleBagProductAddToCartFunctionality">
        <test-method is-config="true" signature="browserLaunch(java.lang.String)[pri:0, instance:com.SauceDemo.TestClasses.TC003_VerifySingleBagProductAddToCartFunctionality@5ba3f27a]" started-at="2022-09-14T23:30:18 IST" name="browserLaunch" finished-at="2022-09-14T23:30:46 IST" duration-ms="28505" status="PASS">
          <params>
            <param index="0">
              <value>
                <![CDATA[chrome]]>
              </value>
            </param>
          </params>
          <reporter-output>
          </reporter-output>
        </test-method> <!-- browserLaunch -->
        <test-method is-config="true" signature="login()[pri:0, instance:com.SauceDemo.TestClasses.TC003_VerifySingleBagProductAddToCartFunctionality@5ba3f27a]" started-at="2022-09-14T23:30:46 IST" name="login" finished-at="2022-09-14T23:30:48 IST" duration-ms="1907" status="PASS">
          <reporter-output>
          </reporter-output>
        </test-method> <!-- login -->
        <test-method signature="singleBagProductAddToCartFunctionality()[pri:0, instance:com.SauceDemo.TestClasses.TC003_VerifySingleBagProductAddToCartFunctionality@5ba3f27a]" started-at="2022-09-14T23:30:48 IST" name="singleBagProductAddToCartFunctionality" finished-at="2022-09-14T23:30:51 IST" duration-ms="2816" status="PASS">
          <reporter-output>
          </reporter-output>
        </test-method> <!-- singleBagProductAddToCartFunctionality -->
        <test-method is-config="true" signature="logout()[pri:0, instance:com.SauceDemo.TestClasses.TC003_VerifySingleBagProductAddToCartFunctionality@5ba3f27a]" started-at="2022-09-14T23:30:51 IST" name="logout" finished-at="2022-09-14T23:30:58 IST" duration-ms="7266" status="PASS">
          <reporter-output>
          </reporter-output>
        </test-method> <!-- logout -->
        <test-method is-config="true" signature="browserClose()[pri:0, instance:com.SauceDemo.TestClasses.TC003_VerifySingleBagProductAddToCartFunctionality@5ba3f27a]" started-at="2022-09-14T23:30:58 IST" name="browserClose" finished-at="2022-09-14T23:31:11 IST" duration-ms="12780" status="PASS">
          <reporter-output>
          </reporter-output>
        </test-method> <!-- browserClose -->
      </class> <!-- com.SauceDemo.TestClasses.TC003_VerifySingleBagProductAddToCartFunctionality -->
      <class name="com.SauceDemo.TestClasses.TC008_VerifyAboutFunctionality">
        <test-method is-config="true" signature="browserLaunch(java.lang.String)[pri:0, instance:com.SauceDemo.TestClasses.TC008_VerifyAboutFunctionality@4f2b503c]" started-at="2022-09-14T23:32:21 IST" name="browserLaunch" finished-at="2022-09-14T23:32:27 IST" duration-ms="5820" status="PASS">
          <params>
            <param index="0">
              <value>
                <![CDATA[chrome]]>
              </value>
            </param>
          </params>
          <reporter-output>
          </reporter-output>
        </test-method> <!-- browserLaunch -->
        <test-method is-config="true" signature="login()[pri:0, instance:com.SauceDemo.TestClasses.TC008_VerifyAboutFunctionality@4f2b503c]" started-at="2022-09-14T23:32:27 IST" name="login" finished-at="2022-09-14T23:32:28 IST" duration-ms="752" status="PASS">
          <reporter-output>
          </reporter-output>
        </test-method> <!-- login -->
        <test-method signature="aboutFunctionality()[pri:0, instance:com.SauceDemo.TestClasses.TC008_VerifyAboutFunctionality@4f2b503c]" started-at="2022-09-14T23:32:28 IST" name="aboutFunctionality" finished-at="2022-09-14T23:32:51 IST" duration-ms="22959" status="PASS">
          <reporter-output>
          </reporter-output>
        </test-method> <!-- aboutFunctionality -->
        <test-method is-config="true" signature="logout()[pri:0, instance:com.SauceDemo.TestClasses.TC008_VerifyAboutFunctionality@4f2b503c]" started-at="2022-09-14T23:32:51 IST" name="logout" finished-at="2022-09-14T23:32:56 IST" duration-ms="5315" status="PASS">
          <reporter-output>
          </reporter-output>
        </test-method> <!-- logout -->
        <test-method is-config="true" signature="browserClose()[pri:0, instance:com.SauceDemo.TestClasses.TC008_VerifyAboutFunctionality@4f2b503c]" started-at="2022-09-14T23:32:56 IST" name="browserClose" finished-at="2022-09-14T23:32:57 IST" duration-ms="1233" status="PASS">
          <reporter-output>
          </reporter-output>
        </test-method> <!-- browserClose -->
      </class> <!-- com.SauceDemo.TestClasses.TC008_VerifyAboutFunctionality -->
      <class name="com.SauceDemo.TestClasses.TC002_VerifyLogoutFunctionality">
        <test-method is-config="true" signature="browserLaunch(java.lang.String)[pri:0, instance:com.SauceDemo.TestClasses.TC002_VerifyLogoutFunctionality@21e360a]" started-at="2022-09-14T23:29:38 IST" name="browserLaunch" finished-at="2022-09-14T23:29:42 IST" duration-ms="4451" status="PASS">
          <params>
            <param index="0">
              <value>
                <![CDATA[chrome]]>
              </value>
            </param>
          </params>
          <reporter-output>
          </reporter-output>
        </test-method> <!-- browserLaunch -->
        <test-method is-config="true" signature="login()[pri:0, instance:com.SauceDemo.TestClasses.TC002_VerifyLogoutFunctionality@21e360a]" started-at="2022-09-14T23:29:42 IST" name="login" finished-at="2022-09-14T23:29:43 IST" duration-ms="710" status="PASS">
          <reporter-output>
          </reporter-output>
        </test-method> <!-- login -->
        <test-method signature="logoutFunctionality()[pri:0, instance:com.SauceDemo.TestClasses.TC002_VerifyLogoutFunctionality@21e360a]" started-at="2022-09-14T23:29:43 IST" name="logoutFunctionality" finished-at="2022-09-14T23:29:48 IST" duration-ms="4750" status="PASS">
          <reporter-output>
          </reporter-output>
        </test-method> <!-- logoutFunctionality -->
        <test-method is-config="true" signature="logout()[pri:0, instance:com.SauceDemo.TestClasses.TC002_VerifyLogoutFunctionality@21e360a]" started-at="2022-09-14T23:29:48 IST" name="logout" finished-at="2022-09-14T23:30:18 IST" duration-ms="30233" status="FAIL">
          <exception class="org.openqa.selenium.NoSuchElementException">
            <message>
              <![CDATA[no such element: Unable to locate element: {"method":"xpath","selector":"//select[@class='product_sort_container']"}
  (Session info: chrome=105.0.5195.125)
For documentation on this error, please visit: https://www.seleniumhq.org/exceptions/no_such_element.html
Build info: version: '3.141.59', revision: 'e82be7d358', time: '2018-11-14T08:17:03'
System info: host: 'DESKTOP-MA38CFS', ip: '192.168.43.122', os.name: 'Windows 10', os.arch: 'amd64', os.version: '10.0', java.version: '17.0.4.1'
Driver info: org.openqa.selenium.chrome.ChromeDriver
Capabilities {acceptInsecureCerts: false, browserName: chrome, browserVersion: 105.0.5195.125, chrome: {chromedriverVersion: 105.0.5195.52 (412c95e51883..., userDataDir: C:\Users\Sachin\AppData\Loc...}, goog:chromeOptions: {debuggerAddress: localhost:64429}, javascriptEnabled: true, networkConnectionEnabled: false, pageLoadStrategy: normal, platform: WINDOWS, platformName: WINDOWS, proxy: Proxy(), setWindowRect: true, strictFileInteractability: false, timeouts: {implicit: 0, pageLoad: 300000, script: 30000}, unhandledPromptBehavior: dismiss and notify, webauthn:extension:credBlob: true, webauthn:extension:largeBlob: true, webauthn:virtualAuthenticators: true}
Session ID: 0ebb6cd04e98f749b5e9a661190006d1
*** Element info: {Using=xpath, value=//select[@class='product_sort_container']}]]>
            </message>
            <full-stacktrace>
              <![CDATA[org.openqa.selenium.NoSuchElementException: no such element: Unable to locate element: {"method":"xpath","selector":"//select[@class='product_sort_container']"}
  (Session info: chrome=105.0.5195.125)
For documentation on this error, please visit: https://www.seleniumhq.org/exceptions/no_such_element.html
Build info: version: '3.141.59', revision: 'e82be7d358', time: '2018-11-14T08:17:03'
System info: host: 'DESKTOP-MA38CFS', ip: '192.168.43.122', os.name: 'Windows 10', os.arch: 'amd64', os.version: '10.0', java.version: '17.0.4.1'
Driver info: org.openqa.selenium.chrome.ChromeDriver
Capabilities {acceptInsecureCerts: false, browserName: chrome, browserVersion: 105.0.5195.125, chrome: {chromedriverVersion: 105.0.5195.52 (412c95e51883..., userDataDir: C:\Users\Sachin\AppData\Loc...}, goog:chromeOptions: {debuggerAddress: localhost:64429}, javascriptEnabled: true, networkConnectionEnabled: false, pageLoadStrategy: normal, platform: WINDOWS, platformName: WINDOWS, proxy: Proxy(), setWindowRect: true, strictFileInteractability: false, timeouts: {implicit: 0, pageLoad: 300000, script: 30000}, unhandledPromptBehavior: dismiss and notify, webauthn:extension:credBlob: true, webauthn:extension:largeBlob: true, webauthn:virtualAuthenticators: true}
Session ID: 0ebb6cd04e98f749b5e9a661190006d1
*** Element info: {Using=xpath, value=//select[@class='product_sort_container']}
at java.base/jdk.internal.reflect.NativeConstructorAccessorImpl.newInstance0(Native Method)
at java.base/jdk.internal.reflect.NativeConstructorAccessorImpl.newInstance(NativeConstructorAccessorImpl.java:77)
at java.base/jdk.internal.reflect.DelegatingConstructorAccessorImpl.newInstance(DelegatingConstructorAccessorImpl.java:45)
at java.base/java.lang.reflect.Constructor.newInstanceWithCaller(Constructor.java:499)
at java.base/java.lang.reflect.Constructor.newInstance(Constructor.java:480)
at org.openqa.selenium.remote.http.W3CHttpResponseCodec.createException(W3CHttpResponseCodec.java:187)
at org.openqa.selenium.remote.http.W3CHttpResponseCodec.decode(W3CHttpResponseCodec.java:122)
at org.openqa.selenium.remote.http.W3CHttpResponseCodec.decode(W3CHttpResponseCodec.java:49)
at org.openqa.selenium.remote.HttpCommandExecutor.execute(HttpCommandExecutor.java:158)
at org.openqa.selenium.remote.service.DriverCommandExecutor.execute(DriverCommandExecutor.java:83)
at org.openqa.selenium.remote.RemoteWebDriver.execute(RemoteWebDriver.java:552)
at org.openqa.selenium.remote.RemoteWebDriver.findElement(RemoteWebDriver.java:323)
at org.openqa.selenium.remote.RemoteWebDriver.findElementByXPath(RemoteWebDriver.java:428)
at org.openqa.selenium.By$ByXPath.findElement(By.java:353)
at org.openqa.selenium.remote.RemoteWebDriver.findElement(RemoteWebDriver.java:315)
at org.openqa.selenium.support.pagefactory.DefaultElementLocator.findElement(DefaultElementLocator.java:69)
at org.openqa.selenium.support.pagefactory.internal.LocatingElementHandler.invoke(LocatingElementHandler.java:38)
at jdk.proxy2/jdk.proxy2.$Proxy16.getTagName(Unknown Source)
at org.openqa.selenium.support.ui.Select.<init>(Select.java:45)
at com.SauceDemo.POMClasses.HomePagePOMClass.<init>(HomePagePOMClass.java:100)
at com.SauceDemo.TestClasses.TestBaseClass.logout(TestBaseClass.java:90)
at java.base/jdk.internal.reflect.NativeMethodAccessorImpl.invoke0(Native Method)
at java.base/jdk.internal.reflect.NativeMethodAccessorImpl.invoke(NativeMethodAccessorImpl.java:77)
at java.base/jdk.internal.reflect.DelegatingMethodAccessorImpl.invoke(DelegatingMethodAccessorImpl.java:43)
at java.base/java.lang.reflect.Method.invoke(Method.java:568)
at org.testng.internal.MethodInvocationHelper.invokeMethod(MethodInvocationHelper.java:133)
at org.testng.internal.MethodInvocationHelper.invokeMethodConsideringTimeout(MethodInvocationHelper.java:62)
at org.testng.internal.ConfigInvoker.invokeConfigurationMethod(ConfigInvoker.java:385)
at org.testng.internal.ConfigInvoker.invokeConfigurations(ConfigInvoker.java:321)
at org.testng.internal.TestInvoker.runConfigMethods(TestInvoker.java:700)
at org.testng.internal.TestInvoker.runAfterGroupsConfigurations(TestInvoker.java:676)
at org.testng.internal.TestInvoker.invokeMethod(TestInvoker.java:660)
at org.testng.internal.TestInvoker.invokeTestMethod(TestInvoker.java:173)
at org.testng.internal.MethodRunner.runInSequence(MethodRunner.java:46)
at org.testng.internal.TestInvoker$MethodInvocationAgent.invoke(TestInvoker.java:824)
at org.testng.internal.TestInvoker.invokeTestMethods(TestInvoker.java:146)
at org.testng.internal.TestMethodWorker.invokeTestMethods(TestMethodWorker.java:146)
at org.testng.internal.TestMethodWorker.run(TestMethodWorker.java:128)
at java.base/java.util.ArrayList.forEach(ArrayList.java:1511)
at org.testng.TestRunner.privateRun(TestRunner.java:794)
at org.testng.TestRunner.run(TestRunner.java:596)
at org.testng.SuiteRunner.runTest(SuiteRunner.java:377)
at org.testng.SuiteRunner.runSequentially(SuiteRunner.java:371)
at org.testng.SuiteRunner.privateRun(SuiteRunner.java:332)
at org.testng.SuiteRunner.run(SuiteRunner.java:276)
at org.testng.SuiteRunnerWorker.runSuite(SuiteRunnerWorker.java:53)
at org.testng.SuiteRunnerWorker.run(SuiteRunnerWorker.java:96)
at org.testng.TestNG.runSuitesSequentially(TestNG.java:1212)
at org.testng.TestNG.runSuitesLocally(TestNG.java:1134)
at org.testng.TestNG.runSuites(TestNG.java:1063)
at org.testng.TestNG.run(TestNG.java:1031)
at org.testng.remote.AbstractRemoteTestNG.run(AbstractRemoteTestNG.java:115)
at org.testng.remote.RemoteTestNG.initAndRun(RemoteTestNG.java:251)
at org.testng.remote.RemoteTestNG.main(RemoteTestNG.java:77)
]]>
            </full-stacktrace>
          </exception> <!-- org.openqa.selenium.NoSuchElementException -->
          <reporter-output>
          </reporter-output>
        </test-method> <!-- logout -->
        <test-method is-config="true" signature="browserClose()[pri:0, instance:com.SauceDemo.TestClasses.TC002_VerifyLogoutFunctionality@21e360a]" started-at="2022-09-14T23:30:18 IST" name="browserClose" finished-at="1970-01-01T05:30:00 IST" duration-ms="-1663178418384" status="SKIP">
          <reporter-output>
          </reporter-output>
        </test-method> <!-- browserClose -->
      </class> <!-- com.SauceDemo.TestClasses.TC002_VerifyLogoutFunctionality -->
      <class name="com.SauceDemo.TestClasses.TC004_VerifyMultipleAddToCartFunctionality">
        <test-method is-config="true" signature="browserLaunch(java.lang.String)[pri:0, instance:com.SauceDemo.TestClasses.TC004_VerifyMultipleAddToCartFunctionality@58d75e99]" started-at="2022-09-14T23:31:11 IST" name="browserLaunch" finished-at="2022-09-14T23:31:20 IST" duration-ms="9138" status="PASS">
          <params>
            <param index="0">
              <value>
                <![CDATA[chrome]]>
              </value>
            </param>
          </params>
          <reporter-output>
          </reporter-output>
        </test-method> <!-- browserLaunch -->
        <test-method is-config="true" signature="login()[pri:0, instance:com.SauceDemo.TestClasses.TC004_VerifyMultipleAddToCartFunctionality@58d75e99]" started-at="2022-09-14T23:31:20 IST" name="login" finished-at="2022-09-14T23:31:21 IST" duration-ms="861" status="PASS">
          <reporter-output>
          </reporter-output>
        </test-method> <!-- login -->
        <test-method signature="multipleAddToCartFunctionality()[pri:0, instance:com.SauceDemo.TestClasses.TC004_VerifyMultipleAddToCartFunctionality@58d75e99]" started-at="2022-09-14T23:31:21 IST" name="multipleAddToCartFunctionality" finished-at="2022-09-14T23:31:22 IST" duration-ms="1243" status="FAIL">
          <exception class="java.lang.AssertionError">
            <message>
              <![CDATA[Count is not matching expected [3] but found [6]]]>
            </message>
            <full-stacktrace>
              <![CDATA[java.lang.AssertionError: Count is not matching expected [3] but found [6]
at org.testng.Assert.fail(Assert.java:99)
at org.testng.Assert.failNotEquals(Assert.java:1037)
at org.testng.Assert.assertEqualsImpl(Assert.java:140)
at org.testng.Assert.assertEquals(Assert.java:122)
at org.testng.Assert.assertEquals(Assert.java:629)
at com.SauceDemo.TestClasses.TC004_VerifyMultipleAddToCartFunctionality.multipleAddToCartFunctionality(TC004_VerifyMultipleAddToCartFunctionality.java:34)
at java.base/jdk.internal.reflect.NativeMethodAccessorImpl.invoke0(Native Method)
at java.base/jdk.internal.reflect.NativeMethodAccessorImpl.invoke(NativeMethodAccessorImpl.java:77)
at java.base/jdk.internal.reflect.DelegatingMethodAccessorImpl.invoke(DelegatingMethodAccessorImpl.java:43)
at java.base/java.lang.reflect.Method.invoke(Method.java:568)
at org.testng.internal.MethodInvocationHelper.invokeMethod(MethodInvocationHelper.java:133)
at org.testng.internal.TestInvoker.invokeMethod(TestInvoker.java:598)
at org.testng.internal.TestInvoker.invokeTestMethod(TestInvoker.java:173)
at org.testng.internal.MethodRunner.runInSequence(MethodRunner.java:46)
at org.testng.internal.TestInvoker$MethodInvocationAgent.invoke(TestInvoker.java:824)
at org.testng.internal.TestInvoker.invokeTestMethods(TestInvoker.java:146)
at org.testng.internal.TestMethodWorker.invokeTestMethods(TestMethodWorker.java:146)
at org.testng.internal.TestMethodWorker.run(TestMethodWorker.java:128)
at java.base/java.util.ArrayList.forEach(ArrayList.java:1511)
at org.testng.TestRunner.privateRun(TestRunner.java:794)
at org.testng.TestRunner.run(TestRunner.java:596)
at org.testng.SuiteRunner.runTest(SuiteRunner.java:377)
at org.testng.SuiteRunner.runSequentially(SuiteRunner.java:371)
at org.testng.SuiteRunner.privateRun(SuiteRunner.java:332)
at org.testng.SuiteRunner.run(SuiteRunner.java:276)
at org.testng.SuiteRunnerWorker.runSuite(SuiteRunnerWorker.java:53)
at org.testng.SuiteRunnerWorker.run(SuiteRunnerWorker.java:96)
at org.testng.TestNG.runSuitesSequentially(TestNG.java:1212)
at org.testng.TestNG.runSuitesLocally(TestNG.java:1134)
at org.testng.TestNG.runSuites(TestNG.java:1063)
at org.testng.TestNG.run(TestNG.java:1031)
at org.testng.remote.AbstractRemoteTestNG.run(AbstractRemoteTestNG.java:115)
at org.testng.remote.RemoteTestNG.initAndRun(RemoteTestNG.java:251)
at org.testng.remote.RemoteTestNG.main(RemoteTestNG.java:77)
]]>
            </full-stacktrace>
          </exception> <!-- java.lang.AssertionError -->
          <reporter-output>
          </reporter-output>
        </test-method> <!-- multipleAddToCartFunctionality -->
        <test-method is-config="true" signature="logout()[pri:0, instance:com.SauceDemo.TestClasses.TC004_VerifyMultipleAddToCartFunctionality@58d75e99]" started-at="2022-09-14T23:31:22 IST" name="logout" finished-at="2022-09-14T23:31:27 IST" duration-ms="4956" status="PASS">
          <reporter-output>
          </reporter-output>
        </test-method> <!-- logout -->
        <test-method is-config="true" signature="browserClose()[pri:0, instance:com.SauceDemo.TestClasses.TC004_VerifyMultipleAddToCartFunctionality@58d75e99]" started-at="2022-09-14T23:31:27 IST" name="browserClose" finished-at="2022-09-14T23:31:28 IST" duration-ms="1107" status="PASS">
          <reporter-output>
          </reporter-output>
        </test-method> <!-- browserClose -->
      </class> <!-- com.SauceDemo.TestClasses.TC004_VerifyMultipleAddToCartFunctionality -->
    </test> <!-- ChromeTest -->
  </suite> <!-- Suite -->
</testng-results>
